<?xml version="1.0" encoding="UTF-8"?>
<Site BuildName="Win32-MSBuild"
	BuildStamp="20250423-0108-Experimental"
	Name="Jason-PC"
	Generator="ctest-3.30.5-msvc23"
	CompilerName="C:/Program Files/Microsoft Visual Studio/2022/Community/VC/Tools/MSVC/14.43.34808/bin/Hostx86/x64/cl.exe"
	CompilerVersion="19.43.34809.0"
	OSName="Windows"
	Hostname="Jason-PC"
	OSRelease=" Personal"
	OSVersion=" (Build 26100)"
	OSPlatform="AMD64"
	Is64Bits="1"
	VendorString="AuthenticAMD"
	VendorID="Advanced Micro Devices"
	FamilyID="15"
	ModelID="1"
	ProcessorCacheSize="64"
	NumberOfLogicalCPU="12"
	NumberOfPhysicalCPU="6"
	TotalVirtualMemory="34741"
	TotalPhysicalMemory="32693"
	LogicalProcessorsPerPhysical="2"
	ProcessorClockFrequency="4400"
	>
	<Testing>
		<StartDateTime>Apr 22 21:08 Eastern Daylight Time</StartDateTime>
		<StartTestTime>1745370486</StartTestTime>
		<TestList/>
		<EndDateTime>Apr 22 21:08 Eastern Daylight Time</EndDateTime>
		<EndTestTime>1745370486</EndTestTime>
		<ElapsedMinutes>0</ElapsedMinutes>
	</Testing>
</Site>
